<?xml version="1.0" encoding="UTF-8"?>
<testsuite xmlns:xsi="http://www.w3.org/2001/XMLSchema-instance" xsi:noNamespaceSchemaLocation="https://maven.apache.org/surefire/maven-surefire-plugin/xsd/surefire-test-report-3.0.xsd" version="3.0" name="fr.mario.cicd.ApiTest" time="1.22" tests="1" errors="0" skipped="0" failures="0">
  <properties>
[...]
</properties>
  <testcase name="pingPlus" classname="fr.mario.cicd.ApiTest" time="0.314">
    <system-out><![CDATA[2021-03-08 11:25:23.859  INFO 2192047 --- [           main] .b.t.c.SpringBootTestContextBootstrapper : Neither @ContextConfiguration nor @ContextHierarchy found for test class [fr.mario.cicd.ApiTest], using SpringBootContextLoader
2021-03-08 11:25:23.861  INFO 2192047 --- [           main] o.s.t.c.support.AbstractContextLoader    : Could not detect default resource locations for test class [fr.mario.cicd.ApiTest]: no resource found for suffixes {-context.xml, Context.groovy}.
2021-03-08 11:25:23.862  INFO 2192047 --- [           main] t.c.s.AnnotationConfigContextLoaderUtils : Could not detect default configuration classes for test class [fr.mario.cicd.ApiTest]: ApiTest does not declare any static, non-private, non-final, nested classes annotated with @Configuration.
2021-03-08 11:25:23.887  INFO 2192047 --- [           main] .b.t.c.SpringBootTestContextBootstrapper : Found @SpringBootConfiguration fr.mario.cicd.CicdApplication for test class fr.mario.cicd.ApiTest
2021-03-08 11:25:23.889  INFO 2192047 --- [           main] .b.t.c.SpringBootTestContextBootstrapper : Loaded default TestExecutionListener class names from location [META-INF/spring.factories]: [org.springframework.boot.test.mock.mockito.MockitoTestExecutionListener, org.springframework.boot.test.mock.mockito.ResetMocksTestExecutionListener, org.springframework.boot.test.autoconfigure.restdocs.RestDocsTestExecutionListener, org.springframework.boot.test.autoconfigure.web.client.MockRestServiceServerResetTestExecutionListener, org.springframework.boot.test.autoconfigure.web.servlet.MockMvcPrintOnlyOnFailureTestExecutionListener, org.springframework.boot.test.autoconfigure.web.servlet.WebDriverTestExecutionListener, org.springframework.boot.test.autoconfigure.webservices.client.MockWebServiceServerTestExecutionListener, org.springframework.test.context.web.ServletTestExecutionListener, org.springframework.test.context.support.DirtiesContextBeforeModesTestExecutionListener, org.springframework.test.context.event.ApplicationEventsTestExecutionListener, org.springframework.test.context.support.DependencyInjectionTestExecutionListener, org.springframework.test.context.support.DirtiesContextTestExecutionListener, org.springframework.test.context.transaction.TransactionalTestExecutionListener, org.springframework.test.context.jdbc.SqlScriptsTestExecutionListener, org.springframework.test.context.event.EventPublishingTestExecutionListener]
2021-03-08 11:25:23.891  INFO 2192047 --- [           main] .b.t.c.SpringBootTestContextBootstrapper : Using TestExecutionListeners: [org.springframework.test.context.web.ServletTestExecutionListener@3d9f0a5, org.springframework.test.context.support.DirtiesContextBeforeModesTestExecutionListener@1953bc95, org.springframework.test.context.event.ApplicationEventsTestExecutionListener@30aec673, org.springframework.boot.test.mock.mockito.MockitoTestExecutionListener@549ac12c, org.springframework.boot.test.autoconfigure.SpringBootDependencyInjectionTestExecutionListener@188a5fc2, org.springframework.test.context.support.DirtiesContextTestExecutionListener@1cb9ef52, org.springframework.test.context.event.EventPublishingTestExecutionListener@5a622fe8, org.springframework.boot.test.mock.mockito.ResetMocksTestExecutionListener@58f31629, org.springframework.boot.test.autoconfigure.restdocs.RestDocsTestExecutionListener@124d26ba, org.springframework.boot.test.autoconfigure.web.client.MockRestServiceServerResetTestExecutionListener@415d88de, org.springframework.boot.test.autoconfigure.web.servlet.MockMvcPrintOnlyOnFailureTestExecutionListener@a0bf272, org.springframework.boot.test.autoconfigure.web.servlet.WebDriverTestExecutionListener@4a89ef44, org.springframework.boot.test.autoconfigure.webservices.client.MockWebServiceServerTestExecutionListener@310a7859]

  .   ____          _            __ _ _
 /\\ / ___'_ __ _ _(_)_ __  __ _ \ \ \ \
( ( )\___ | '_ | '_| | '_ \/ _` | \ \ \ \
 \\/  ___)| |_)| | | | | || (_| |  ) ) ) )
  '  |____| .__|_| |_|_| |_\__, | / / / /
 =========|_|==============|___/=/_/_/_/
 :: Spring Boot ::                (v2.4.3)

2021-03-08 11:25:23.962  INFO 2192047 --- [           main] fr.mario.cicd.ApiTest                    : Starting ApiTest using Java 15.0.2 on mb-laptop with PID 2192047 (started by monbanquet in /home/monbanquet/dev/cours/cicd)
2021-03-08 11:25:23.966  INFO 2192047 --- [           main] fr.mario.cicd.ApiTest                    : No active profile set, falling back to default profiles: default
2021-03-08 11:25:24.485  INFO 2192047 --- [           main] o.s.s.concurrent.ThreadPoolTaskExecutor  : Initializing ExecutorService 'applicationTaskExecutor'
2021-03-08 11:25:24.728  INFO 2192047 --- [           main] o.s.b.t.m.w.SpringBootMockServletContext : Initializing Spring TestDispatcherServlet ''
2021-03-08 11:25:24.728  INFO 2192047 --- [           main] o.s.t.web.servlet.TestDispatcherServlet  : Initializing Servlet ''
2021-03-08 11:25:24.729  INFO 2192047 --- [           main] o.s.t.web.servlet.TestDispatcherServlet  : Completed initialization in 1 ms
2021-03-08 11:25:24.754  INFO 2192047 --- [           main] fr.mario.cicd.ApiTest                    : Started ApiTest in 0.85 seconds (JVM running for 4.364)

MockHttpServletRequest:
      HTTP Method = POST
      Request URI = /ping
       Parameters = {}
          Headers = [Content-Type:"application/json;charset=UTF-8", Content-Length:"29"]
             Body = {"text": "paris est magique"}
    Session Attrs = {}

Handler:
             Type = fr.mario.cicd.Api
           Method = fr.mario.cicd.Api#pingPlus(PingBody)

Async:
    Async started = false
     Async result = null

Resolved Exception:
             Type = null

ModelAndView:
        View name = null
             View = null
            Model = null

FlashMap:
       Attributes = null

MockHttpServletResponse:
           Status = 200
    Error message = null
          Headers = [Content-Type:"text/plain;charset=UTF-8", Content-Length:"37"]
     Content type = text/plain;charset=UTF-8
             Body = paris est magique - paris est magique
    Forwarded URL = null
   Redirected URL = null
          Cookies = []
]]></system-out>
  </testcase>
</testsuite>